<?xml version="1.0" encoding="UTF-8"?>
<!-- Generated by org.testng.reporters.JUnitXMLReporter -->
<testsuite hostname="ip-172-31-81-217" ignored="0" name="SimpleLearnTest" tests="3" failures="1" timestamp="2022-01-29T16:23:37 UTC" time="0.414" errors="0">
  <testcase name="testMethod2" time="0.059" classname="com.main.FirstClassInMaven">
    <failure type="java.lang.AssertionError" message="null">
      <![CDATA[java.lang.AssertionError: null
at com.main.FirstClassInMaven.testMethod2(FirstClassInMaven.java:31)
at java.util.ArrayList.forEach(ArrayList.java:1259)
... Removed 29 stack frames]]>
    </failure>
  </testcase> <!-- testMethod2 -->
  <testcase name="testMethod1" time="0.002" classname="com.main.FirstClassInMaven"/>
  <testcase name="testMethod3" time="0.0" classname="com.main.FirstClassInMaven">
    <skipped/>
  </testcase> <!-- testMethod3 -->
</testsuite> <!-- SimpleLearnTest -->
